2016/04/08 20:27:15 [error] [exception.CDbException] exception 'CDbException' with message 'CDbConnection failed to open the DB connection: SQLSTATE[HY000] [1045] Access denied for user 'root'@'localhost' (using password: NO)' in /home/s/superixu/arsenyfit.ru/public_html/framework/db/CDbConnection.php:399
Stack trace:
#0 /home/s/superixu/arsenyfit.ru/public_html/framework/db/CDbConnection.php(347): CDbConnection->open()
#1 /home/s/superixu/arsenyfit.ru/public_html/framework/db/CDbConnection.php(325): CDbConnection->setActive(true)
#2 /home/s/superixu/arsenyfit.ru/public_html/framework/base/CModule.php(394): CDbConnection->init()
#3 /home/s/superixu/arsenyfit.ru/public_html/framework/base/CApplication.php(459): CModule->getComponent('db')
#4 /home/s/superixu/arsenyfit.ru/public_html/framework/db/ar/CActiveRecord.php(637): CApplication->getDb()
#5 /home/s/superixu/arsenyfit.ru/public_html/framework/db/ar/CActiveRecord.php(113): CActiveRecord->getDbConnection()
#6 /home/s/superixu/arsenyfit.ru/public_html/protected/components/DConfig.php(8): CActiveRecord->cache(3600)
#7 /home/s/superixu/arsenyfit.ru/public_html/framework/base/CModule.php(394): DConfig->init()
#8 /home/s/superixu/arsenyfit.ru/public_html/framework/base/CModule.php(530): CModule->getComponent('config')
#9 /home/s/superixu/arsenyfit.ru/public_html/framework/base/CApplication.php(168): CModule->preloadComponents()
#10 /home/s/superixu/arsenyfit.ru/public_html/framework/YiiBase.php(125): CApplication->__construct('/home/s/superix...')
#11 /home/s/superixu/arsenyfit.ru/public_html/framework/YiiBase.php(98): YiiBase::createApplication('CWebApplication', '/home/s/superix...')
#12 /home/s/superixu/arsenyfit.ru/public_html/index.php(14): YiiBase::createWebApplication('/home/s/superix...')
#13 {main}
REQUEST_URI=/
---
2016/04/08 20:36:16 [error] [exception.CDbException] exception 'CDbException' with message 'CDbConnection failed to open the DB connection: SQLSTATE[HY000] [1045] Access denied for user 'root'@'localhost' (using password: YES)' in /home/s/superixu/arsenyfit.ru/public_html/framework/db/CDbConnection.php:399
Stack trace:
#0 /home/s/superixu/arsenyfit.ru/public_html/framework/db/CDbConnection.php(347): CDbConnection->open()
#1 /home/s/superixu/arsenyfit.ru/public_html/framework/db/CDbConnection.php(325): CDbConnection->setActive(true)
#2 /home/s/superixu/arsenyfit.ru/public_html/framework/base/CModule.php(394): CDbConnection->init()
#3 /home/s/superixu/arsenyfit.ru/public_html/framework/base/CApplication.php(459): CModule->getComponent('db')
#4 /home/s/superixu/arsenyfit.ru/public_html/framework/db/ar/CActiveRecord.php(637): CApplication->getDb()
#5 /home/s/superixu/arsenyfit.ru/public_html/framework/db/ar/CActiveRecord.php(113): CActiveRecord->getDbConnection()
#6 /home/s/superixu/arsenyfit.ru/public_html/protected/components/DConfig.php(8): CActiveRecord->cache(3600)
#7 /home/s/superixu/arsenyfit.ru/public_html/framework/base/CModule.php(394): DConfig->init()
#8 /home/s/superixu/arsenyfit.ru/public_html/framework/base/CModule.php(530): CModule->getComponent('config')
#9 /home/s/superixu/arsenyfit.ru/public_html/framework/base/CApplication.php(168): CModule->preloadComponents()
#10 /home/s/superixu/arsenyfit.ru/public_html/framework/YiiBase.php(125): CApplication->__construct('/home/s/superix...')
#11 /home/s/superixu/arsenyfit.ru/public_html/framework/YiiBase.php(98): YiiBase::createApplication('CWebApplication', '/home/s/superix...')
#12 /home/s/superixu/arsenyfit.ru/public_html/index.php(14): YiiBase::createWebApplication('/home/s/superix...')
#13 {main}
REQUEST_URI=/
---
2016/04/08 20:36:18 [error] [exception.CDbException] exception 'CDbException' with message 'CDbConnection failed to open the DB connection: SQLSTATE[HY000] [1045] Access denied for user 'root'@'localhost' (using password: YES)' in /home/s/superixu/arsenyfit.ru/public_html/framework/db/CDbConnection.php:399
Stack trace:
#0 /home/s/superixu/arsenyfit.ru/public_html/framework/db/CDbConnection.php(347): CDbConnection->open()
#1 /home/s/superixu/arsenyfit.ru/public_html/framework/db/CDbConnection.php(325): CDbConnection->setActive(true)
#2 /home/s/superixu/arsenyfit.ru/public_html/framework/base/CModule.php(394): CDbConnection->init()
#3 /home/s/superixu/arsenyfit.ru/public_html/framework/base/CApplication.php(459): CModule->getComponent('db')
#4 /home/s/superixu/arsenyfit.ru/public_html/framework/db/ar/CActiveRecord.php(637): CApplication->getDb()
#5 /home/s/superixu/arsenyfit.ru/public_html/framework/db/ar/CActiveRecord.php(113): CActiveRecord->getDbConnection()
#6 /home/s/superixu/arsenyfit.ru/public_html/protected/components/DConfig.php(8): CActiveRecord->cache(3600)
#7 /home/s/superixu/arsenyfit.ru/public_html/framework/base/CModule.php(394): DConfig->init()
#8 /home/s/superixu/arsenyfit.ru/public_html/framework/base/CModule.php(530): CModule->getComponent('config')
#9 /home/s/superixu/arsenyfit.ru/public_html/framework/base/CApplication.php(168): CModule->preloadComponents()
#10 /home/s/superixu/arsenyfit.ru/public_html/framework/YiiBase.php(125): CApplication->__construct('/home/s/superix...')
#11 /home/s/superixu/arsenyfit.ru/public_html/framework/YiiBase.php(98): YiiBase::createApplication('CWebApplication', '/home/s/superix...')
#12 /home/s/superixu/arsenyfit.ru/public_html/index.php(14): YiiBase::createWebApplication('/home/s/superix...')
#13 {main}
REQUEST_URI=/
---
2016/04/09 12:17:02 [error] [exception.CException] exception 'CException' with message 'Property "ContactForm.name" is not defined.' in /home/s/superixu/arsenyfit.ru/public_html/framework/base/CComponent.php:130
Stack trace:
#0 /home/s/superixu/arsenyfit.ru/public_html/framework/web/helpers/CHtml.php(2729): CComponent->__get('name')
#1 /home/s/superixu/arsenyfit.ru/public_html/framework/web/helpers/CHtml.php(2452): CHtml::resolveValue(Object(ContactForm), 'name')
#2 /home/s/superixu/arsenyfit.ru/public_html/framework/web/helpers/CHtml.php(1534): CHtml::activeInputField('text', Object(ContactForm), 'name', Array)
#3 /home/s/superixu/arsenyfit.ru/public_html/framework/web/widgets/CActiveForm.php(792): CHtml::activeTextField(Object(ContactForm), 'name', Array)
#4 /home/s/superixu/arsenyfit.ru/public_html/protected/views/site/contact.php(42): CActiveForm->textField(Object(ContactForm), 'name')
#5 /home/s/superixu/arsenyfit.ru/public_html/framework/web/CBaseController.php(126): require('/home/s/superix...')
#6 /home/s/superixu/arsenyfit.ru/public_html/framework/web/CBaseController.php(95): CBaseController->renderInternal('/home/s/superix...', Array, true)
#7 /home/s/superixu/arsenyfit.ru/public_html/framework/web/CController.php(869): CBaseController->renderFile('/home/s/superix...', Array, true)
#8 /home/s/superixu/arsenyfit.ru/public_html/framework/web/CController.php(782): CController->renderPartial('contact', Array, true)
#9 /home/s/superixu/arsenyfit.ru/public_html/protected/controllers/SiteController.php(107): CController->render('contact', Array)
#10 /home/s/superixu/arsenyfit.ru/public_html/framework/web/actions/CInlineAction.php(49): SiteController->actionContact()
#11 /home/s/superixu/arsenyfit.ru/public_html/framework/web/CController.php(308): CInlineAction->runWithParams(Array)
#12 /home/s/superixu/arsenyfit.ru/public_html/framework/web/CController.php(286): CController->runAction(Object(CInlineAction))
#13 /home/s/superixu/arsenyfit.ru/public_html/framework/web/CController.php(265): CController->runActionWithFilters(Object(CInlineAction), Array)
#14 /home/s/superixu/arsenyfit.ru/public_html/framework/web/CWebApplication.php(282): CController->run('contact')
#15 /home/s/superixu/arsenyfit.ru/public_html/framework/web/CWebApplication.php(141): CWebApplication->runController('site/contact')
#16 /home/s/superixu/arsenyfit.ru/public_html/framework/base/CApplication.php(185): CWebApplication->processRequest()
#17 /home/s/superixu/arsenyfit.ru/public_html/index.php(14): CApplication->run()
#18 {main}
REQUEST_URI=/site/contact
HTTP_REFERER=http://superixu.bget.ru/
---
2016/04/09 12:17:03 [error] [exception.CHttpException.404] exception 'CHttpException' with message 'Unable to resolve the request "favicon.ico".' in /home/s/superixu/arsenyfit.ru/public_html/framework/web/CWebApplication.php:286
Stack trace:
#0 /home/s/superixu/arsenyfit.ru/public_html/framework/web/CWebApplication.php(141): CWebApplication->runController('favicon.ico')
#1 /home/s/superixu/arsenyfit.ru/public_html/framework/base/CApplication.php(185): CWebApplication->processRequest()
#2 /home/s/superixu/arsenyfit.ru/public_html/index.php(14): CApplication->run()
#3 {main}
REQUEST_URI=/favicon.ico
HTTP_REFERER=http://superixu.bget.ru/site/contact
---
2016/04/12 09:52:40 [error] [exception.CDbException] exception 'CDbException' with message 'CDbConnection failed to open the DB connection: SQLSTATE[HY000] [1045] Access denied for user 'superixu_afit'@'localhost' (using password: YES)' in Z:\home\arsenyfit\public_html\framework\db\CDbConnection.php:399
Stack trace:
#0 Z:\home\arsenyfit\public_html\framework\db\CDbConnection.php(347): CDbConnection->open()
#1 Z:\home\arsenyfit\public_html\framework\db\CDbConnection.php(325): CDbConnection->setActive(true)
#2 Z:\home\arsenyfit\public_html\framework\base\CModule.php(394): CDbConnection->init()
#3 Z:\home\arsenyfit\public_html\framework\base\CApplication.php(459): CModule->getComponent('db')
#4 Z:\home\arsenyfit\public_html\framework\db\ar\CActiveRecord.php(637): CApplication->getDb()
#5 Z:\home\arsenyfit\public_html\framework\db\ar\CActiveRecord.php(113): CActiveRecord->getDbConnection()
#6 Z:\home\arsenyfit\public_html\protected\components\DConfig.php(8): CActiveRecord->cache(3600)
#7 Z:\home\arsenyfit\public_html\framework\base\CModule.php(394): DConfig->init()
#8 Z:\home\arsenyfit\public_html\framework\base\CModule.php(530): CModule->getComponent('config')
#9 Z:\home\arsenyfit\public_html\framework\base\CApplication.php(168): CModule->preloadComponents()
#10 Z:\home\arsenyfit\public_html\framework\YiiBase.php(125): CApplication->__construct('Z:\home\arsenyf...')
#11 Z:\home\arsenyfit\public_html\framework\YiiBase.php(98): YiiBase::createApplication('CWebApplication', 'Z:\home\arsenyf...')
#12 Z:\home\arsenyfit\public_html\index.php(14): YiiBase::createWebApplication('Z:\home\arsenyf...')
#13 {main}
REQUEST_URI=/
HTTP_REFERER=http://localhost/denwer/Tools/sitelist/index.php
---
2016/04/12 09:52:42 [error] [exception.CDbException] exception 'CDbException' with message 'CDbConnection failed to open the DB connection: SQLSTATE[HY000] [1045] Access denied for user 'superixu_afit'@'localhost' (using password: YES)' in Z:\home\arsenyfit\public_html\framework\db\CDbConnection.php:399
Stack trace:
#0 Z:\home\arsenyfit\public_html\framework\db\CDbConnection.php(347): CDbConnection->open()
#1 Z:\home\arsenyfit\public_html\framework\db\CDbConnection.php(325): CDbConnection->setActive(true)
#2 Z:\home\arsenyfit\public_html\framework\base\CModule.php(394): CDbConnection->init()
#3 Z:\home\arsenyfit\public_html\framework\base\CApplication.php(459): CModule->getComponent('db')
#4 Z:\home\arsenyfit\public_html\framework\db\ar\CActiveRecord.php(637): CApplication->getDb()
#5 Z:\home\arsenyfit\public_html\framework\db\ar\CActiveRecord.php(113): CActiveRecord->getDbConnection()
#6 Z:\home\arsenyfit\public_html\protected\components\DConfig.php(8): CActiveRecord->cache(3600)
#7 Z:\home\arsenyfit\public_html\framework\base\CModule.php(394): DConfig->init()
#8 Z:\home\arsenyfit\public_html\framework\base\CModule.php(530): CModule->getComponent('config')
#9 Z:\home\arsenyfit\public_html\framework\base\CApplication.php(168): CModule->preloadComponents()
#10 Z:\home\arsenyfit\public_html\framework\YiiBase.php(125): CApplication->__construct('Z:\home\arsenyf...')
#11 Z:\home\arsenyfit\public_html\framework\YiiBase.php(98): YiiBase::createApplication('CWebApplication', 'Z:\home\arsenyf...')
#12 Z:\home\arsenyfit\public_html\index.php(14): YiiBase::createWebApplication('Z:\home\arsenyf...')
#13 {main}
REQUEST_URI=/favicon.ico
HTTP_REFERER=http://public_html.arsenyfit/
---
